<?xml version="1.0" encoding="UTF-8"?>
<!-- Generated by org.testng.reporters.JUnitReportReporter -->
<testsuite hostname="Admins-MacBook-Air.local" failures="0" tests="4" name="functional.testing.Accountpanel" time="35.953" errors="0" timestamp="2024-01-10T14:41:00 IST" skipped="0">
  <testcase classname="functional.testing.Accountpanel" name="accountsdashboard" time="18.814"/>
  <testcase classname="functional.testing.Accountpanel" name="productcategory" time="16.680"/>
  <testcase classname="functional.testing.Accountpanel" name="productrename" time="0.458"/>
  <testcase classname="functional.testing.Accountpanel" name="searchfunctionality" time="0.001"/>
</testsuite> <!-- functional.testing.Accountpanel -->
