<?xml version="1.0" encoding="UTF-8"?>
<!-- Generated by org.testng.reporters.JUnitReportReporter -->
<testsuite hostname="Admins-MacBook-Air.local" failures="0" tests="4" name="functional.testing.Testng2" time="227.203" errors="0" timestamp="2024-05-06T09:52:26 IST" skipped="0">
  <testcase classname="functional.testing.Testng2" name="testWithChromeOptions" time="78.849"/>
  <testcase classname="functional.testing.Testng2" name="searchfunctionality" time="33.622"/>
  <testcase classname="functional.testing.Testng2" name="content" time="11.092"/>
  <testcase classname="functional.testing.Testng2" name="scrolling" time="103.640"/>
</testsuite> <!-- functional.testing.Testng2 -->
